START TIME: Wed Dec 10 06:44:11 CET 2025
======================================================================
OPTIMIZED SEMIGROUP ATTENTION
======================================================================
Device: cuda
Triton available: True

Config: 12L, 12H, 768D, T=1024

======================================================================
ATTENTION BENCHMARKS (B=8, T=512)
======================================================================
Semigroup: 2.30 ± 0.03 ms
Softmax:   0.30 ± 0.01 ms
Ratio:     7.54x

======================================================================
FULL MODEL BENCHMARKS
======================================================================
Model parameters: 130.86M
Model compiled successfully
T= 256: 5.5ms, 370590 tok/s
Model parameters: 131.06M
Model compiled successfully
T= 512: 16.5ms, 248514 tok/s
Model parameters: 131.45M
Model compiled successfully
T=1024: 59.4ms, 138027 tok/s

======================================================================
MEMORY PROFILE (B=8, T=1024)
======================================================================
Model parameters: 131.45M
Peak memory: 23.16 GB
Model parameters: 131.45M
With checkpointing: 7.58 GB (67% reduction)

======================================================================
✓ All tests passed!
======================================================================
END TIME: Wed Dec 10 06:46:07 CET 2025
[nid007425] CMD: cd /iopsstor/scratch/cscs/ooikonomou/Megatron-LM-new-attention && python3 semigroup_fast.py
